<?xml version="1.0" encoding="UTF-8"?>
<testsuite xmlns:xsi="http://www.w3.org/2001/XMLSchema-instance" xsi:noNamespaceSchemaLocation="https://maven.apache.org/surefire/maven-surefire-plugin/xsd/surefire-test-report.xsd" version="3.0.2" name="TestSuite" time="17.75" tests="2" errors="0" skipped="0" failures="0">
  <properties>
[...]
</properties>
  <testcase name="verifyElementsPage[{CurrentAddress=test current add, Email=test@gmail.com, PermanentAddress=test permanent add, ExpectedValue1=Please select an item from left to start practice., FullName=Tousif Sayani, ExpectedValue2=Name:Tousif Sayani}](1)" classname="com.qatools.qa.testcases.ElementPageTest" time="2.144">
    <system-out><![CDATA[...
... TestNG 7.10.2 by Cédric Beust (cedric@beust.com)
...

[DEBUG] 2024-12-28 02:38:40.548 [main] PackageRelationshipCollection - Parsing relationship: /xl/_rels/workbook.xml.rels
[DEBUG] 2024-12-28 02:38:40.553 [main] PackageRelationshipCollection - Parsing relationship: /xl/worksheets/_rels/sheet1.xml.rels
[DEBUG] 2024-12-28 02:38:40.569 [main] PackageRelationshipCollection - Parsing relationship: /_rels/.rels
[INFO ] 2024-12-28 02:38:42.904 [main] QA_TOOLS - Browser has launched
[INFO ] 2024-12-28 02:38:42.917 [main] QA_TOOLS - Deleting all cookies
[INFO ] 2024-12-28 02:38:42.955 [main] QA_TOOLS - Browser window has maximized
[INFO ] 2024-12-28 02:38:42.968 [main] QA_TOOLS - Implicity wait initialized
[INFO ] 2024-12-28 02:38:42.977 [main] QA_TOOLS - Pageload has initialized
[INFO ] 2024-12-28 02:38:46.972 [main] QA_TOOLS - Url has launched
[DEBUG] 2024-12-28 02:38:46.972 [main] QA_TOOLS - Setup method initialized
[DEBUG] 2024-12-28 02:38:47.038 [main] QA_TOOLS - scroll to element
[DEBUG] 2024-12-28 02:38:47.210 [main] QA_TOOLS - clickOnElementsTab Method initilized
[DEBUG] 2024-12-28 02:38:47.212 [main] QA_TOOLS - click on elementTab
[DEBUG] 2024-12-28 02:38:47.270 [main] QA_TOOLS - Verify actual and expected
[DEBUG] 2024-12-28 02:38:48.726 [main] QA_TOOLS - Click on submit button
This TestCaseverifyElementsPageis Success
]]></system-out>
    <system-err><![CDATA[SLF4J: Failed to load class "org.slf4j.impl.StaticLoggerBinder".
SLF4J: Defaulting to no-operation (NOP) logger implementation
SLF4J: See http://www.slf4j.org/codes.html#StaticLoggerBinder for further details.
]]></system-err>
  </testcase>
  <testcase name="verifyCheckBox" classname="com.qatools.qa.testcases.CheckBoxTest" time="0.814">
    <system-out><![CDATA[[INFO ] 2024-12-28 02:38:50.435 [main] QA_TOOLS - Browser has launched
[INFO ] 2024-12-28 02:38:50.449 [main] QA_TOOLS - Deleting all cookies
[INFO ] 2024-12-28 02:38:50.487 [main] QA_TOOLS - Browser window has maximized
[INFO ] 2024-12-28 02:38:50.495 [main] QA_TOOLS - Implicity wait initialized
[INFO ] 2024-12-28 02:38:50.510 [main] QA_TOOLS - Pageload has initialized
[INFO ] 2024-12-28 02:38:55.788 [main] QA_TOOLS - Url has launched
[DEBUG] 2024-12-28 02:38:55.982 [main] QA_TOOLS - clickOnElementsTab Method initilized
This TestCaseverifyCheckBoxis Success
]]></system-out>
  </testcase>
</testsuite>