<?xml version="1.0" encoding="UTF-8"?>
<testng-results ignored="0" total="2" passed="2" failed="0" skipped="0">
  <reporter-output>
  </reporter-output>
  <suite started-at="2024-12-28T02:38:41 IST" name="Suite" finished-at="2024-12-28T02:38:56 IST" duration-ms="15792">
    <groups>
    </groups>
    <test started-at="2024-12-28T02:38:41 IST" name="Test" finished-at="2024-12-28T02:38:56 IST" duration-ms="15792">
      <class name="com.qatools.qa.testcases.ElementPageTest">
        <test-method is-config="true" signature="setUp()[pri:0, instance:com.qatools.qa.testcases.ElementPageTest@f2c488]" started-at="2024-12-28T02:38:41 IST" name="setUp" finished-at="2024-12-28T02:38:46 IST" duration-ms="5665" status="PASS">
          <reporter-output>
          </reporter-output>
        </test-method> <!-- setUp -->
        <test-method signature="verifyElementsPage(java.lang.Object)[pri:0, instance:com.qatools.qa.testcases.ElementPageTest@f2c488]" started-at="2024-12-28T02:38:46 IST" name="verifyElementsPage" data-provider="data" finished-at="2024-12-28T02:38:48 IST" duration-ms="1816" status="PASS">
          <params>
            <param index="0">
              <value>
                <![CDATA[{CurrentAddress=test current add, Email=test@gmail.com, PermanentAddress=test permanent add, ExpectedValue1=Please select an item from left to start practice., FullName=Tousif Sayani, ExpectedValue2=Name:Tousif Sayani}]]>
              </value>
            </param>
          </params>
          <reporter-output>
          </reporter-output>
        </test-method> <!-- verifyElementsPage -->
        <test-method is-config="true" signature="tearDown()[pri:0, instance:com.qatools.qa.testcases.ElementPageTest@f2c488]" started-at="2024-12-28T02:38:49 IST" name="tearDown" finished-at="2024-12-28T02:38:49 IST" duration-ms="255" status="PASS">
          <reporter-output>
          </reporter-output>
        </test-method> <!-- tearDown -->
      </class> <!-- com.qatools.qa.testcases.ElementPageTest -->
      <class name="com.qatools.qa.testcases.CheckBoxTest">
        <test-method is-config="true" signature="setUp()[pri:0, instance:com.qatools.qa.testcases.CheckBoxTest@27e32fe4]" started-at="2024-12-28T02:38:49 IST" name="setUp" finished-at="2024-12-28T02:38:55 IST" duration-ms="6409" status="PASS">
          <reporter-output>
          </reporter-output>
        </test-method> <!-- setUp -->
        <test-method signature="verifyCheckBox()[pri:0, instance:com.qatools.qa.testcases.CheckBoxTest@27e32fe4]" started-at="2024-12-28T02:38:55 IST" name="verifyCheckBox" finished-at="2024-12-28T02:38:56 IST" duration-ms="541" status="PASS">
          <reporter-output>
          </reporter-output>
        </test-method> <!-- verifyCheckBox -->
        <test-method is-config="true" signature="tearDown()[pri:0, instance:com.qatools.qa.testcases.CheckBoxTest@27e32fe4]" started-at="2024-12-28T02:38:56 IST" name="tearDown" finished-at="2024-12-28T02:38:56 IST" duration-ms="294" status="PASS">
          <reporter-output>
          </reporter-output>
        </test-method> <!-- tearDown -->
      </class> <!-- com.qatools.qa.testcases.CheckBoxTest -->
    </test> <!-- Test -->
  </suite> <!-- Suite -->
</testng-results>
