<?xml version="1.0" encoding="UTF-8"?>
<testng-results ignored="0" total="2" passed="2" failed="0" skipped="0">
  <reporter-output>
  </reporter-output>
  <suite started-at="2024-12-28T01:00:21 IST" name="Suite" finished-at="2024-12-28T01:00:42 IST" duration-ms="20827">
    <groups>
    </groups>
    <test started-at="2024-12-28T01:00:21 IST" name="Test" finished-at="2024-12-28T01:00:42 IST" duration-ms="20827">
      <class name="com.qatools.qa.testcases.ElementPageTest">
        <test-method is-config="true" signature="setUp()[pri:0, instance:com.qatools.qa.testcases.ElementPageTest@7159139f]" started-at="2024-12-28T01:00:21 IST" name="setUp" finished-at="2024-12-28T01:00:31 IST" duration-ms="9825" status="PASS">
          <reporter-output>
          </reporter-output>
        </test-method> <!-- setUp -->
        <test-method signature="verifyElementsPage(java.lang.Object)[pri:0, instance:com.qatools.qa.testcases.ElementPageTest@7159139f]" started-at="2024-12-28T01:00:31 IST" name="verifyElementsPage" data-provider="data" finished-at="2024-12-28T01:00:33 IST" duration-ms="1876" status="PASS">
          <params>
            <param index="0">
              <value>
                <![CDATA[{CurrentAddress=test current add, Email=test@gmail.com, PermanentAddress=test permanent add, ExpectedValue1=Please select an item from left to start practice., FullName=Tousif Sayani, ExpectedValue2=Name:Tousif Sayani}]]>
              </value>
            </param>
          </params>
          <reporter-output>
          </reporter-output>
        </test-method> <!-- verifyElementsPage -->
        <test-method is-config="true" signature="tearDown()[pri:0, instance:com.qatools.qa.testcases.ElementPageTest@7159139f]" started-at="2024-12-28T01:00:33 IST" name="tearDown" finished-at="2024-12-28T01:00:34 IST" duration-ms="394" status="PASS">
          <reporter-output>
          </reporter-output>
        </test-method> <!-- tearDown -->
      </class> <!-- com.qatools.qa.testcases.ElementPageTest -->
      <class name="com.qatools.qa.testcases.CheckBoxTest">
        <test-method is-config="true" signature="setUp()[pri:0, instance:com.qatools.qa.testcases.CheckBoxTest@1be59f28]" started-at="2024-12-28T01:00:34 IST" name="setUp" finished-at="2024-12-28T01:00:39 IST" duration-ms="4950" status="PASS">
          <reporter-output>
          </reporter-output>
        </test-method> <!-- setUp -->
        <test-method signature="verifyCheckBox()[pri:0, instance:com.qatools.qa.testcases.CheckBoxTest@1be59f28]" started-at="2024-12-28T01:00:39 IST" name="verifyCheckBox" finished-at="2024-12-28T01:00:39 IST" duration-ms="762" status="PASS">
          <reporter-output>
          </reporter-output>
        </test-method> <!-- verifyCheckBox -->
        <test-method is-config="true" signature="tearDown()[pri:0, instance:com.qatools.qa.testcases.CheckBoxTest@1be59f28]" started-at="2024-12-28T01:00:40 IST" name="tearDown" finished-at="2024-12-28T01:00:42 IST" duration-ms="1896" status="PASS">
          <reporter-output>
          </reporter-output>
        </test-method> <!-- tearDown -->
      </class> <!-- com.qatools.qa.testcases.CheckBoxTest -->
    </test> <!-- Test -->
  </suite> <!-- Suite -->
</testng-results>
